<?xml version="1.0" encoding="UTF-8"?>
<testsuite xmlns:xsi="http://www.w3.org/2001/XMLSchema-instance" xsi:noNamespaceSchemaLocation="https://maven.apache.org/surefire/maven-surefire-plugin/xsd/surefire-test-report.xsd" name="com.pluralsight.reactive.AppTest" time="0.007" tests="1" errors="0" skipped="0" failures="0">
  <properties>
    <property name="gopherProxySet" value="false"/>
    <property name="awt.toolkit" value="sun.lwawt.macosx.LWCToolkit"/>
    <property name="file.encoding.pkg" value="sun.io"/>
    <property name="java.specification.version" value="1.8"/>
    <property name="sun.cpu.isalist" value=""/>
    <property name="sun.jnu.encoding" value="UTF-8"/>
    <property name="java.class.path" value="/Users/Development/Desktop/Pluralsight/Projects/Building Reactive Microservices/Code/translation-service/target/test-classes:/Users/Development/Desktop/Pluralsight/Projects/Building Reactive Microservices/Code/translation-service/target/classes:/Users/Development/.m2/repository/com/pluralsight/reactive/avro-models/1.0-SNAPSHOT/avro-models-1.0-SNAPSHOT.jar:/Users/Development/.m2/repository/org/apache/avro/avro/1.9.1/avro-1.9.1.jar:/Users/Development/.m2/repository/com/fasterxml/jackson/core/jackson-core/2.10.0/jackson-core-2.10.0.jar:/Users/Development/.m2/repository/org/apache/commons/commons-compress/1.19/commons-compress-1.19.jar:/Users/Development/.m2/repository/org/springframework/boot/spring-boot-starter-web/2.2.0.RELEASE/spring-boot-starter-web-2.2.0.RELEASE.jar:/Users/Development/.m2/repository/org/springframework/boot/spring-boot-starter/2.2.0.RELEASE/spring-boot-starter-2.2.0.RELEASE.jar:/Users/Development/.m2/repository/org/springframework/boot/spring-boot/2.2.0.RELEASE/spring-boot-2.2.0.RELEASE.jar:/Users/Development/.m2/repository/org/springframework/boot/spring-boot-autoconfigure/2.2.0.RELEASE/spring-boot-autoconfigure-2.2.0.RELEASE.jar:/Users/Development/.m2/repository/org/springframework/boot/spring-boot-starter-logging/2.2.0.RELEASE/spring-boot-starter-logging-2.2.0.RELEASE.jar:/Users/Development/.m2/repository/ch/qos/logback/logback-classic/1.2.3/logback-classic-1.2.3.jar:/Users/Development/.m2/repository/ch/qos/logback/logback-core/1.2.3/logback-core-1.2.3.jar:/Users/Development/.m2/repository/org/apache/logging/log4j/log4j-to-slf4j/2.12.1/log4j-to-slf4j-2.12.1.jar:/Users/Development/.m2/repository/org/apache/logging/log4j/log4j-api/2.12.1/log4j-api-2.12.1.jar:/Users/Development/.m2/repository/org/slf4j/jul-to-slf4j/1.7.28/jul-to-slf4j-1.7.28.jar:/Users/Development/.m2/repository/jakarta/annotation/jakarta.annotation-api/1.3.5/jakarta.annotation-api-1.3.5.jar:/Users/Development/.m2/repository/org/springframework/boot/spring-boot-starter-json/2.2.0.RELEASE/spring-boot-starter-json-2.2.0.RELEASE.jar:/Users/Development/.m2/repository/com/fasterxml/jackson/datatype/jackson-datatype-jdk8/2.10.0/jackson-datatype-jdk8-2.10.0.jar:/Users/Development/.m2/repository/com/fasterxml/jackson/datatype/jackson-datatype-jsr310/2.10.0/jackson-datatype-jsr310-2.10.0.jar:/Users/Development/.m2/repository/com/fasterxml/jackson/module/jackson-module-parameter-names/2.10.0/jackson-module-parameter-names-2.10.0.jar:/Users/Development/.m2/repository/org/springframework/boot/spring-boot-starter-tomcat/2.2.0.RELEASE/spring-boot-starter-tomcat-2.2.0.RELEASE.jar:/Users/Development/.m2/repository/org/apache/tomcat/embed/tomcat-embed-core/9.0.27/tomcat-embed-core-9.0.27.jar:/Users/Development/.m2/repository/org/apache/tomcat/embed/tomcat-embed-el/9.0.27/tomcat-embed-el-9.0.27.jar:/Users/Development/.m2/repository/org/apache/tomcat/embed/tomcat-embed-websocket/9.0.27/tomcat-embed-websocket-9.0.27.jar:/Users/Development/.m2/repository/org/springframework/boot/spring-boot-starter-validation/2.2.0.RELEASE/spring-boot-starter-validation-2.2.0.RELEASE.jar:/Users/Development/.m2/repository/jakarta/validation/jakarta.validation-api/2.0.1/jakarta.validation-api-2.0.1.jar:/Users/Development/.m2/repository/org/springframework/spring-web/5.2.0.RELEASE/spring-web-5.2.0.RELEASE.jar:/Users/Development/.m2/repository/org/springframework/spring-beans/5.2.0.RELEASE/spring-beans-5.2.0.RELEASE.jar:/Users/Development/.m2/repository/org/springframework/spring-webmvc/5.2.0.RELEASE/spring-webmvc-5.2.0.RELEASE.jar:/Users/Development/.m2/repository/org/springframework/spring-context/5.2.0.RELEASE/spring-context-5.2.0.RELEASE.jar:/Users/Development/.m2/repository/org/springframework/spring-expression/5.2.0.RELEASE/spring-expression-5.2.0.RELEASE.jar:/Users/Development/.m2/repository/org/springframework/boot/spring-boot-starter-security/2.2.0.RELEASE/spring-boot-starter-security-2.2.0.RELEASE.jar:/Users/Development/.m2/repository/org/springframework/spring-aop/5.2.0.RELEASE/spring-aop-5.2.0.RELEASE.jar:/Users/Development/.m2/repository/org/springframework/security/spring-security-config/5.2.0.RELEASE/spring-security-config-5.2.0.RELEASE.jar:/Users/Development/.m2/repository/org/springframework/security/spring-security-core/5.2.0.RELEASE/spring-security-core-5.2.0.RELEASE.jar:/Users/Development/.m2/repository/org/springframework/security/spring-security-web/5.2.0.RELEASE/spring-security-web-5.2.0.RELEASE.jar:/Users/Development/.m2/repository/org/springframework/boot/spring-boot-starter-jdbc/2.2.0.RELEASE/spring-boot-starter-jdbc-2.2.0.RELEASE.jar:/Users/Development/.m2/repository/com/zaxxer/HikariCP/3.4.1/HikariCP-3.4.1.jar:/Users/Development/.m2/repository/org/springframework/spring-jdbc/5.2.0.RELEASE/spring-jdbc-5.2.0.RELEASE.jar:/Users/Development/.m2/repository/org/springframework/spring-tx/5.2.0.RELEASE/spring-tx-5.2.0.RELEASE.jar:/Users/Development/.m2/repository/org/springframework/cloud/spring-cloud-starter-sleuth/2.2.0.RC1/spring-cloud-starter-sleuth-2.2.0.RC1.jar:/Users/Development/.m2/repository/org/springframework/cloud/spring-cloud-starter/2.2.0.RC1/spring-cloud-starter-2.2.0.RC1.jar:/Users/Development/.m2/repository/org/springframework/cloud/spring-cloud-context/2.2.0.RC1/spring-cloud-context-2.2.0.RC1.jar:/Users/Development/.m2/repository/org/springframework/security/spring-security-crypto/5.2.0.RELEASE/spring-security-crypto-5.2.0.RELEASE.jar:/Users/Development/.m2/repository/org/springframework/cloud/spring-cloud-commons/2.2.0.RC1/spring-cloud-commons-2.2.0.RC1.jar:/Users/Development/.m2/repository/org/springframework/security/spring-security-rsa/1.0.7.RELEASE/spring-security-rsa-1.0.7.RELEASE.jar:/Users/Development/.m2/repository/org/bouncycastle/bcpkix-jdk15on/1.60/bcpkix-jdk15on-1.60.jar:/Users/Development/.m2/repository/org/bouncycastle/bcprov-jdk15on/1.60/bcprov-jdk15on-1.60.jar:/Users/Development/.m2/repository/org/springframework/boot/spring-boot-starter-aop/2.2.0.RELEASE/spring-boot-starter-aop-2.2.0.RELEASE.jar:/Users/Development/.m2/repository/org/aspectj/aspectjweaver/1.9.4/aspectjweaver-1.9.4.jar:/Users/Development/.m2/repository/org/springframework/cloud/spring-cloud-sleuth-core/2.2.0.RC1/spring-cloud-sleuth-core-2.2.0.RC1.jar:/Users/Development/.m2/repository/org/aspectj/aspectjrt/1.9.4/aspectjrt-1.9.4.jar:/Users/Development/.m2/repository/io/zipkin/brave/brave/5.8.0/brave-5.8.0.jar:/Users/Development/.m2/repository/io/zipkin/zipkin2/zipkin/2.17.0/zipkin-2.17.0.jar:/Users/Development/.m2/repository/io/zipkin/reporter2/zipkin-reporter/2.10.3/zipkin-reporter-2.10.3.jar:/Users/Development/.m2/repository/io/zipkin/brave/brave-context-log4j2/5.8.0/brave-context-log4j2-5.8.0.jar:/Users/Development/.m2/repository/io/zipkin/brave/brave-instrumentation-rpc/5.8.0/brave-instrumentation-rpc-5.8.0.jar:/Users/Development/.m2/repository/io/zipkin/brave/brave-instrumentation-spring-web/5.8.0/brave-instrumentation-spring-web-5.8.0.jar:/Users/Development/.m2/repository/io/zipkin/brave/brave-instrumentation-http/5.8.0/brave-instrumentation-http-5.8.0.jar:/Users/Development/.m2/repository/io/zipkin/brave/brave-instrumentation-spring-rabbit/5.8.0/brave-instrumentation-spring-rabbit-5.8.0.jar:/Users/Development/.m2/repository/io/zipkin/brave/brave-instrumentation-kafka-clients/5.8.0/brave-instrumentation-kafka-clients-5.8.0.jar:/Users/Development/.m2/repository/io/zipkin/brave/brave-instrumentation-kafka-streams/5.8.0/brave-instrumentation-kafka-streams-5.8.0.jar:/Users/Development/.m2/repository/io/zipkin/brave/brave-instrumentation-httpclient/5.8.0/brave-instrumentation-httpclient-5.8.0.jar:/Users/Development/.m2/repository/io/zipkin/brave/brave-instrumentation-httpasyncclient/5.8.0/brave-instrumentation-httpasyncclient-5.8.0.jar:/Users/Development/.m2/repository/io/zipkin/brave/brave-instrumentation-spring-webmvc/5.8.0/brave-instrumentation-spring-webmvc-5.8.0.jar:/Users/Development/.m2/repository/io/zipkin/brave/brave-instrumentation-servlet/5.8.0/brave-instrumentation-servlet-5.8.0.jar:/Users/Development/.m2/repository/io/zipkin/brave/brave-instrumentation-jms/5.8.0/brave-instrumentation-jms-5.8.0.jar:/Users/Development/.m2/repository/io/zipkin/reporter2/zipkin-reporter-metrics-micrometer/2.10.3/zipkin-reporter-metrics-micrometer-2.10.3.jar:/Users/Development/.m2/repository/org/hibernate/validator/hibernate-validator/6.0.17.Final/hibernate-validator-6.0.17.Final.jar:/Users/Development/.m2/repository/org/jboss/logging/jboss-logging/3.4.1.Final/jboss-logging-3.4.1.Final.jar:/Users/Development/.m2/repository/com/fasterxml/classmate/1.5.0/classmate-1.5.0.jar:/Users/Development/.m2/repository/javax/validation/validation-api/2.0.1.Final/validation-api-2.0.1.Final.jar:/Users/Development/.m2/repository/org/liquibase/liquibase-core/3.8.0/liquibase-core-3.8.0.jar:/Users/Development/.m2/repository/org/yaml/snakeyaml/1.25/snakeyaml-1.25.jar:/Users/Development/.m2/repository/org/slf4j/slf4j-api/1.7.28/slf4j-api-1.7.28.jar:/Users/Development/.m2/repository/com/h2database/h2/1.4.200/h2-1.4.200.jar:/Users/Development/.m2/repository/io/confluent/kafka-schema-registry-client/5.3.1/kafka-schema-registry-client-5.3.1.jar:/Users/Development/.m2/repository/io/confluent/common-config/5.3.1/common-config-5.3.1.jar:/Users/Development/.m2/repository/com/fasterxml/jackson/core/jackson-databind/2.10.0/jackson-databind-2.10.0.jar:/Users/Development/.m2/repository/com/fasterxml/jackson/core/jackson-annotations/2.10.0/jackson-annotations-2.10.0.jar:/Users/Development/.m2/repository/io/confluent/common-utils/5.3.1/common-utils-5.3.1.jar:/Users/Development/.m2/repository/org/apache/zookeeper/zookeeper/3.4.14/zookeeper-3.4.14.jar:/Users/Development/.m2/repository/com/github/spotbugs/spotbugs-annotations/3.1.9/spotbugs-annotations-3.1.9.jar:/Users/Development/.m2/repository/com/google/code/findbugs/jsr305/3.0.2/jsr305-3.0.2.jar:/Users/Development/.m2/repository/jline/jline/0.9.94/jline-0.9.94.jar:/Users/Development/.m2/repository/org/apache/yetus/audience-annotations/0.5.0/audience-annotations-0.5.0.jar:/Users/Development/.m2/repository/io/netty/netty/3.10.6.Final/netty-3.10.6.Final.jar:/Users/Development/.m2/repository/com/101tec/zkclient/0.10/zkclient-0.10.jar:/Users/Development/.m2/repository/io/confluent/kafka-avro-serializer/5.3.1/kafka-avro-serializer-5.3.1.jar:/Users/Development/.m2/repository/org/apache/kafka/kafka-clients/5.3.1-ccs/kafka-clients-5.3.1-ccs.jar:/Users/Development/.m2/repository/com/github/luben/zstd-jni/1.4.0-1/zstd-jni-1.4.0-1.jar:/Users/Development/.m2/repository/org/lz4/lz4-java/1.6.0/lz4-java-1.6.0.jar:/Users/Development/.m2/repository/org/xerial/snappy/snappy-java/1.1.7.3/snappy-java-1.1.7.3.jar:/Users/Development/.m2/repository/org/mapstruct/mapstruct/1.3.1.Final/mapstruct-1.3.1.Final.jar:/Users/Development/.m2/repository/commons-codec/commons-codec/1.13/commons-codec-1.13.jar:/Users/Development/.m2/repository/org/projectlombok/lombok/1.18.10/lombok-1.18.10.jar:/Users/Development/.m2/repository/org/springframework/boot/spring-boot-starter-test/2.2.0.RELEASE/spring-boot-starter-test-2.2.0.RELEASE.jar:/Users/Development/.m2/repository/org/springframework/boot/spring-boot-test/2.2.0.RELEASE/spring-boot-test-2.2.0.RELEASE.jar:/Users/Development/.m2/repository/org/springframework/boot/spring-boot-test-autoconfigure/2.2.0.RELEASE/spring-boot-test-autoconfigure-2.2.0.RELEASE.jar:/Users/Development/.m2/repository/com/jayway/jsonpath/json-path/2.4.0/json-path-2.4.0.jar:/Users/Development/.m2/repository/net/minidev/json-smart/2.3/json-smart-2.3.jar:/Users/Development/.m2/repository/net/minidev/accessors-smart/1.2/accessors-smart-1.2.jar:/Users/Development/.m2/repository/org/ow2/asm/asm/5.0.4/asm-5.0.4.jar:/Users/Development/.m2/repository/jakarta/xml/bind/jakarta.xml.bind-api/2.3.2/jakarta.xml.bind-api-2.3.2.jar:/Users/Development/.m2/repository/jakarta/activation/jakarta.activation-api/1.2.1/jakarta.activation-api-1.2.1.jar:/Users/Development/.m2/repository/org/junit/jupiter/junit-jupiter/5.5.2/junit-jupiter-5.5.2.jar:/Users/Development/.m2/repository/org/junit/jupiter/junit-jupiter-api/5.5.2/junit-jupiter-api-5.5.2.jar:/Users/Development/.m2/repository/org/opentest4j/opentest4j/1.2.0/opentest4j-1.2.0.jar:/Users/Development/.m2/repository/org/junit/platform/junit-platform-commons/1.5.2/junit-platform-commons-1.5.2.jar:/Users/Development/.m2/repository/org/junit/jupiter/junit-jupiter-params/5.5.2/junit-jupiter-params-5.5.2.jar:/Users/Development/.m2/repository/org/junit/jupiter/junit-jupiter-engine/5.5.2/junit-jupiter-engine-5.5.2.jar:/Users/Development/.m2/repository/org/junit/vintage/junit-vintage-engine/5.5.2/junit-vintage-engine-5.5.2.jar:/Users/Development/.m2/repository/org/apiguardian/apiguardian-api/1.1.0/apiguardian-api-1.1.0.jar:/Users/Development/.m2/repository/org/junit/platform/junit-platform-engine/1.5.2/junit-platform-engine-1.5.2.jar:/Users/Development/.m2/repository/junit/junit/4.12/junit-4.12.jar:/Users/Development/.m2/repository/org/mockito/mockito-junit-jupiter/3.1.0/mockito-junit-jupiter-3.1.0.jar:/Users/Development/.m2/repository/org/assertj/assertj-core/3.13.2/assertj-core-3.13.2.jar:/Users/Development/.m2/repository/org/hamcrest/hamcrest/2.1/hamcrest-2.1.jar:/Users/Development/.m2/repository/org/mockito/mockito-core/3.1.0/mockito-core-3.1.0.jar:/Users/Development/.m2/repository/net/bytebuddy/byte-buddy/1.10.1/byte-buddy-1.10.1.jar:/Users/Development/.m2/repository/net/bytebuddy/byte-buddy-agent/1.10.1/byte-buddy-agent-1.10.1.jar:/Users/Development/.m2/repository/org/objenesis/objenesis/2.6/objenesis-2.6.jar:/Users/Development/.m2/repository/org/skyscreamer/jsonassert/1.5.0/jsonassert-1.5.0.jar:/Users/Development/.m2/repository/com/vaadin/external/google/android-json/0.0.20131108.vaadin1/android-json-0.0.20131108.vaadin1.jar:/Users/Development/.m2/repository/org/springframework/spring-core/5.2.0.RELEASE/spring-core-5.2.0.RELEASE.jar:/Users/Development/.m2/repository/org/springframework/spring-jcl/5.2.0.RELEASE/spring-jcl-5.2.0.RELEASE.jar:/Users/Development/.m2/repository/org/springframework/spring-test/5.2.0.RELEASE/spring-test-5.2.0.RELEASE.jar:/Users/Development/.m2/repository/org/xmlunit/xmlunit-core/2.6.3/xmlunit-core-2.6.3.jar:"/>
    <property name="java.vm.vendor" value="Oracle Corporation"/>
    <property name="sun.arch.data.model" value="64"/>
    <property name="java.vendor.url" value="http://java.oracle.com/"/>
    <property name="user.timezone" value=""/>
    <property name="java.vm.specification.version" value="1.8"/>
    <property name="os.name" value="Mac OS X"/>
    <property name="user.country" value="US"/>
    <property name="sun.java.launcher" value="SUN_STANDARD"/>
    <property name="sun.boot.library.path" value="/Library/Java/JavaVirtualMachines/jdk1.8.0_151.jdk/Contents/Home/jre/lib"/>
    <property name="sun.java.command" value="/Users/Development/Desktop/Pluralsight/Projects/Building Reactive Microservices/Code/translation-service/target/surefire/surefirebooter7067652589310054951.jar /Users/Development/Desktop/Pluralsight/Projects/Building Reactive Microservices/Code/translation-service/target/surefire 2019-12-12T01-13-47_634-jvmRun1 surefire1771254763473664211tmp surefire_09065924453237623689tmp"/>
    <property name="http.nonProxyHosts" value="local|*.local|169.254/16|*.169.254/16"/>
    <property name="surefire.test.class.path" value="/Users/Development/Desktop/Pluralsight/Projects/Building Reactive Microservices/Code/translation-service/target/test-classes:/Users/Development/Desktop/Pluralsight/Projects/Building Reactive Microservices/Code/translation-service/target/classes:/Users/Development/.m2/repository/com/pluralsight/reactive/avro-models/1.0-SNAPSHOT/avro-models-1.0-SNAPSHOT.jar:/Users/Development/.m2/repository/org/apache/avro/avro/1.9.1/avro-1.9.1.jar:/Users/Development/.m2/repository/com/fasterxml/jackson/core/jackson-core/2.10.0/jackson-core-2.10.0.jar:/Users/Development/.m2/repository/org/apache/commons/commons-compress/1.19/commons-compress-1.19.jar:/Users/Development/.m2/repository/org/springframework/boot/spring-boot-starter-web/2.2.0.RELEASE/spring-boot-starter-web-2.2.0.RELEASE.jar:/Users/Development/.m2/repository/org/springframework/boot/spring-boot-starter/2.2.0.RELEASE/spring-boot-starter-2.2.0.RELEASE.jar:/Users/Development/.m2/repository/org/springframework/boot/spring-boot/2.2.0.RELEASE/spring-boot-2.2.0.RELEASE.jar:/Users/Development/.m2/repository/org/springframework/boot/spring-boot-autoconfigure/2.2.0.RELEASE/spring-boot-autoconfigure-2.2.0.RELEASE.jar:/Users/Development/.m2/repository/org/springframework/boot/spring-boot-starter-logging/2.2.0.RELEASE/spring-boot-starter-logging-2.2.0.RELEASE.jar:/Users/Development/.m2/repository/ch/qos/logback/logback-classic/1.2.3/logback-classic-1.2.3.jar:/Users/Development/.m2/repository/ch/qos/logback/logback-core/1.2.3/logback-core-1.2.3.jar:/Users/Development/.m2/repository/org/apache/logging/log4j/log4j-to-slf4j/2.12.1/log4j-to-slf4j-2.12.1.jar:/Users/Development/.m2/repository/org/apache/logging/log4j/log4j-api/2.12.1/log4j-api-2.12.1.jar:/Users/Development/.m2/repository/org/slf4j/jul-to-slf4j/1.7.28/jul-to-slf4j-1.7.28.jar:/Users/Development/.m2/repository/jakarta/annotation/jakarta.annotation-api/1.3.5/jakarta.annotation-api-1.3.5.jar:/Users/Development/.m2/repository/org/springframework/boot/spring-boot-starter-json/2.2.0.RELEASE/spring-boot-starter-json-2.2.0.RELEASE.jar:/Users/Development/.m2/repository/com/fasterxml/jackson/datatype/jackson-datatype-jdk8/2.10.0/jackson-datatype-jdk8-2.10.0.jar:/Users/Development/.m2/repository/com/fasterxml/jackson/datatype/jackson-datatype-jsr310/2.10.0/jackson-datatype-jsr310-2.10.0.jar:/Users/Development/.m2/repository/com/fasterxml/jackson/module/jackson-module-parameter-names/2.10.0/jackson-module-parameter-names-2.10.0.jar:/Users/Development/.m2/repository/org/springframework/boot/spring-boot-starter-tomcat/2.2.0.RELEASE/spring-boot-starter-tomcat-2.2.0.RELEASE.jar:/Users/Development/.m2/repository/org/apache/tomcat/embed/tomcat-embed-core/9.0.27/tomcat-embed-core-9.0.27.jar:/Users/Development/.m2/repository/org/apache/tomcat/embed/tomcat-embed-el/9.0.27/tomcat-embed-el-9.0.27.jar:/Users/Development/.m2/repository/org/apache/tomcat/embed/tomcat-embed-websocket/9.0.27/tomcat-embed-websocket-9.0.27.jar:/Users/Development/.m2/repository/org/springframework/boot/spring-boot-starter-validation/2.2.0.RELEASE/spring-boot-starter-validation-2.2.0.RELEASE.jar:/Users/Development/.m2/repository/jakarta/validation/jakarta.validation-api/2.0.1/jakarta.validation-api-2.0.1.jar:/Users/Development/.m2/repository/org/springframework/spring-web/5.2.0.RELEASE/spring-web-5.2.0.RELEASE.jar:/Users/Development/.m2/repository/org/springframework/spring-beans/5.2.0.RELEASE/spring-beans-5.2.0.RELEASE.jar:/Users/Development/.m2/repository/org/springframework/spring-webmvc/5.2.0.RELEASE/spring-webmvc-5.2.0.RELEASE.jar:/Users/Development/.m2/repository/org/springframework/spring-context/5.2.0.RELEASE/spring-context-5.2.0.RELEASE.jar:/Users/Development/.m2/repository/org/springframework/spring-expression/5.2.0.RELEASE/spring-expression-5.2.0.RELEASE.jar:/Users/Development/.m2/repository/org/springframework/boot/spring-boot-starter-security/2.2.0.RELEASE/spring-boot-starter-security-2.2.0.RELEASE.jar:/Users/Development/.m2/repository/org/springframework/spring-aop/5.2.0.RELEASE/spring-aop-5.2.0.RELEASE.jar:/Users/Development/.m2/repository/org/springframework/security/spring-security-config/5.2.0.RELEASE/spring-security-config-5.2.0.RELEASE.jar:/Users/Development/.m2/repository/org/springframework/security/spring-security-core/5.2.0.RELEASE/spring-security-core-5.2.0.RELEASE.jar:/Users/Development/.m2/repository/org/springframework/security/spring-security-web/5.2.0.RELEASE/spring-security-web-5.2.0.RELEASE.jar:/Users/Development/.m2/repository/org/springframework/boot/spring-boot-starter-jdbc/2.2.0.RELEASE/spring-boot-starter-jdbc-2.2.0.RELEASE.jar:/Users/Development/.m2/repository/com/zaxxer/HikariCP/3.4.1/HikariCP-3.4.1.jar:/Users/Development/.m2/repository/org/springframework/spring-jdbc/5.2.0.RELEASE/spring-jdbc-5.2.0.RELEASE.jar:/Users/Development/.m2/repository/org/springframework/spring-tx/5.2.0.RELEASE/spring-tx-5.2.0.RELEASE.jar:/Users/Development/.m2/repository/org/springframework/cloud/spring-cloud-starter-sleuth/2.2.0.RC1/spring-cloud-starter-sleuth-2.2.0.RC1.jar:/Users/Development/.m2/repository/org/springframework/cloud/spring-cloud-starter/2.2.0.RC1/spring-cloud-starter-2.2.0.RC1.jar:/Users/Development/.m2/repository/org/springframework/cloud/spring-cloud-context/2.2.0.RC1/spring-cloud-context-2.2.0.RC1.jar:/Users/Development/.m2/repository/org/springframework/security/spring-security-crypto/5.2.0.RELEASE/spring-security-crypto-5.2.0.RELEASE.jar:/Users/Development/.m2/repository/org/springframework/cloud/spring-cloud-commons/2.2.0.RC1/spring-cloud-commons-2.2.0.RC1.jar:/Users/Development/.m2/repository/org/springframework/security/spring-security-rsa/1.0.7.RELEASE/spring-security-rsa-1.0.7.RELEASE.jar:/Users/Development/.m2/repository/org/bouncycastle/bcpkix-jdk15on/1.60/bcpkix-jdk15on-1.60.jar:/Users/Development/.m2/repository/org/bouncycastle/bcprov-jdk15on/1.60/bcprov-jdk15on-1.60.jar:/Users/Development/.m2/repository/org/springframework/boot/spring-boot-starter-aop/2.2.0.RELEASE/spring-boot-starter-aop-2.2.0.RELEASE.jar:/Users/Development/.m2/repository/org/aspectj/aspectjweaver/1.9.4/aspectjweaver-1.9.4.jar:/Users/Development/.m2/repository/org/springframework/cloud/spring-cloud-sleuth-core/2.2.0.RC1/spring-cloud-sleuth-core-2.2.0.RC1.jar:/Users/Development/.m2/repository/org/aspectj/aspectjrt/1.9.4/aspectjrt-1.9.4.jar:/Users/Development/.m2/repository/io/zipkin/brave/brave/5.8.0/brave-5.8.0.jar:/Users/Development/.m2/repository/io/zipkin/zipkin2/zipkin/2.17.0/zipkin-2.17.0.jar:/Users/Development/.m2/repository/io/zipkin/reporter2/zipkin-reporter/2.10.3/zipkin-reporter-2.10.3.jar:/Users/Development/.m2/repository/io/zipkin/brave/brave-context-log4j2/5.8.0/brave-context-log4j2-5.8.0.jar:/Users/Development/.m2/repository/io/zipkin/brave/brave-instrumentation-rpc/5.8.0/brave-instrumentation-rpc-5.8.0.jar:/Users/Development/.m2/repository/io/zipkin/brave/brave-instrumentation-spring-web/5.8.0/brave-instrumentation-spring-web-5.8.0.jar:/Users/Development/.m2/repository/io/zipkin/brave/brave-instrumentation-http/5.8.0/brave-instrumentation-http-5.8.0.jar:/Users/Development/.m2/repository/io/zipkin/brave/brave-instrumentation-spring-rabbit/5.8.0/brave-instrumentation-spring-rabbit-5.8.0.jar:/Users/Development/.m2/repository/io/zipkin/brave/brave-instrumentation-kafka-clients/5.8.0/brave-instrumentation-kafka-clients-5.8.0.jar:/Users/Development/.m2/repository/io/zipkin/brave/brave-instrumentation-kafka-streams/5.8.0/brave-instrumentation-kafka-streams-5.8.0.jar:/Users/Development/.m2/repository/io/zipkin/brave/brave-instrumentation-httpclient/5.8.0/brave-instrumentation-httpclient-5.8.0.jar:/Users/Development/.m2/repository/io/zipkin/brave/brave-instrumentation-httpasyncclient/5.8.0/brave-instrumentation-httpasyncclient-5.8.0.jar:/Users/Development/.m2/repository/io/zipkin/brave/brave-instrumentation-spring-webmvc/5.8.0/brave-instrumentation-spring-webmvc-5.8.0.jar:/Users/Development/.m2/repository/io/zipkin/brave/brave-instrumentation-servlet/5.8.0/brave-instrumentation-servlet-5.8.0.jar:/Users/Development/.m2/repository/io/zipkin/brave/brave-instrumentation-jms/5.8.0/brave-instrumentation-jms-5.8.0.jar:/Users/Development/.m2/repository/io/zipkin/reporter2/zipkin-reporter-metrics-micrometer/2.10.3/zipkin-reporter-metrics-micrometer-2.10.3.jar:/Users/Development/.m2/repository/org/hibernate/validator/hibernate-validator/6.0.17.Final/hibernate-validator-6.0.17.Final.jar:/Users/Development/.m2/repository/org/jboss/logging/jboss-logging/3.4.1.Final/jboss-logging-3.4.1.Final.jar:/Users/Development/.m2/repository/com/fasterxml/classmate/1.5.0/classmate-1.5.0.jar:/Users/Development/.m2/repository/javax/validation/validation-api/2.0.1.Final/validation-api-2.0.1.Final.jar:/Users/Development/.m2/repository/org/liquibase/liquibase-core/3.8.0/liquibase-core-3.8.0.jar:/Users/Development/.m2/repository/org/yaml/snakeyaml/1.25/snakeyaml-1.25.jar:/Users/Development/.m2/repository/org/slf4j/slf4j-api/1.7.28/slf4j-api-1.7.28.jar:/Users/Development/.m2/repository/com/h2database/h2/1.4.200/h2-1.4.200.jar:/Users/Development/.m2/repository/io/confluent/kafka-schema-registry-client/5.3.1/kafka-schema-registry-client-5.3.1.jar:/Users/Development/.m2/repository/io/confluent/common-config/5.3.1/common-config-5.3.1.jar:/Users/Development/.m2/repository/com/fasterxml/jackson/core/jackson-databind/2.10.0/jackson-databind-2.10.0.jar:/Users/Development/.m2/repository/com/fasterxml/jackson/core/jackson-annotations/2.10.0/jackson-annotations-2.10.0.jar:/Users/Development/.m2/repository/io/confluent/common-utils/5.3.1/common-utils-5.3.1.jar:/Users/Development/.m2/repository/org/apache/zookeeper/zookeeper/3.4.14/zookeeper-3.4.14.jar:/Users/Development/.m2/repository/com/github/spotbugs/spotbugs-annotations/3.1.9/spotbugs-annotations-3.1.9.jar:/Users/Development/.m2/repository/com/google/code/findbugs/jsr305/3.0.2/jsr305-3.0.2.jar:/Users/Development/.m2/repository/jline/jline/0.9.94/jline-0.9.94.jar:/Users/Development/.m2/repository/org/apache/yetus/audience-annotations/0.5.0/audience-annotations-0.5.0.jar:/Users/Development/.m2/repository/io/netty/netty/3.10.6.Final/netty-3.10.6.Final.jar:/Users/Development/.m2/repository/com/101tec/zkclient/0.10/zkclient-0.10.jar:/Users/Development/.m2/repository/io/confluent/kafka-avro-serializer/5.3.1/kafka-avro-serializer-5.3.1.jar:/Users/Development/.m2/repository/org/apache/kafka/kafka-clients/5.3.1-ccs/kafka-clients-5.3.1-ccs.jar:/Users/Development/.m2/repository/com/github/luben/zstd-jni/1.4.0-1/zstd-jni-1.4.0-1.jar:/Users/Development/.m2/repository/org/lz4/lz4-java/1.6.0/lz4-java-1.6.0.jar:/Users/Development/.m2/repository/org/xerial/snappy/snappy-java/1.1.7.3/snappy-java-1.1.7.3.jar:/Users/Development/.m2/repository/org/mapstruct/mapstruct/1.3.1.Final/mapstruct-1.3.1.Final.jar:/Users/Development/.m2/repository/commons-codec/commons-codec/1.13/commons-codec-1.13.jar:/Users/Development/.m2/repository/org/projectlombok/lombok/1.18.10/lombok-1.18.10.jar:/Users/Development/.m2/repository/org/springframework/boot/spring-boot-starter-test/2.2.0.RELEASE/spring-boot-starter-test-2.2.0.RELEASE.jar:/Users/Development/.m2/repository/org/springframework/boot/spring-boot-test/2.2.0.RELEASE/spring-boot-test-2.2.0.RELEASE.jar:/Users/Development/.m2/repository/org/springframework/boot/spring-boot-test-autoconfigure/2.2.0.RELEASE/spring-boot-test-autoconfigure-2.2.0.RELEASE.jar:/Users/Development/.m2/repository/com/jayway/jsonpath/json-path/2.4.0/json-path-2.4.0.jar:/Users/Development/.m2/repository/net/minidev/json-smart/2.3/json-smart-2.3.jar:/Users/Development/.m2/repository/net/minidev/accessors-smart/1.2/accessors-smart-1.2.jar:/Users/Development/.m2/repository/org/ow2/asm/asm/5.0.4/asm-5.0.4.jar:/Users/Development/.m2/repository/jakarta/xml/bind/jakarta.xml.bind-api/2.3.2/jakarta.xml.bind-api-2.3.2.jar:/Users/Development/.m2/repository/jakarta/activation/jakarta.activation-api/1.2.1/jakarta.activation-api-1.2.1.jar:/Users/Development/.m2/repository/org/junit/jupiter/junit-jupiter/5.5.2/junit-jupiter-5.5.2.jar:/Users/Development/.m2/repository/org/junit/jupiter/junit-jupiter-api/5.5.2/junit-jupiter-api-5.5.2.jar:/Users/Development/.m2/repository/org/opentest4j/opentest4j/1.2.0/opentest4j-1.2.0.jar:/Users/Development/.m2/repository/org/junit/platform/junit-platform-commons/1.5.2/junit-platform-commons-1.5.2.jar:/Users/Development/.m2/repository/org/junit/jupiter/junit-jupiter-params/5.5.2/junit-jupiter-params-5.5.2.jar:/Users/Development/.m2/repository/org/junit/jupiter/junit-jupiter-engine/5.5.2/junit-jupiter-engine-5.5.2.jar:/Users/Development/.m2/repository/org/junit/vintage/junit-vintage-engine/5.5.2/junit-vintage-engine-5.5.2.jar:/Users/Development/.m2/repository/org/apiguardian/apiguardian-api/1.1.0/apiguardian-api-1.1.0.jar:/Users/Development/.m2/repository/org/junit/platform/junit-platform-engine/1.5.2/junit-platform-engine-1.5.2.jar:/Users/Development/.m2/repository/junit/junit/4.12/junit-4.12.jar:/Users/Development/.m2/repository/org/mockito/mockito-junit-jupiter/3.1.0/mockito-junit-jupiter-3.1.0.jar:/Users/Development/.m2/repository/org/assertj/assertj-core/3.13.2/assertj-core-3.13.2.jar:/Users/Development/.m2/repository/org/hamcrest/hamcrest/2.1/hamcrest-2.1.jar:/Users/Development/.m2/repository/org/mockito/mockito-core/3.1.0/mockito-core-3.1.0.jar:/Users/Development/.m2/repository/net/bytebuddy/byte-buddy/1.10.1/byte-buddy-1.10.1.jar:/Users/Development/.m2/repository/net/bytebuddy/byte-buddy-agent/1.10.1/byte-buddy-agent-1.10.1.jar:/Users/Development/.m2/repository/org/objenesis/objenesis/2.6/objenesis-2.6.jar:/Users/Development/.m2/repository/org/skyscreamer/jsonassert/1.5.0/jsonassert-1.5.0.jar:/Users/Development/.m2/repository/com/vaadin/external/google/android-json/0.0.20131108.vaadin1/android-json-0.0.20131108.vaadin1.jar:/Users/Development/.m2/repository/org/springframework/spring-core/5.2.0.RELEASE/spring-core-5.2.0.RELEASE.jar:/Users/Development/.m2/repository/org/springframework/spring-jcl/5.2.0.RELEASE/spring-jcl-5.2.0.RELEASE.jar:/Users/Development/.m2/repository/org/springframework/spring-test/5.2.0.RELEASE/spring-test-5.2.0.RELEASE.jar:/Users/Development/.m2/repository/org/xmlunit/xmlunit-core/2.6.3/xmlunit-core-2.6.3.jar:"/>
    <property name="sun.cpu.endian" value="little"/>
    <property name="user.home" value="/Users/Development"/>
    <property name="user.language" value="en"/>
    <property name="java.specification.vendor" value="Oracle Corporation"/>
    <property name="java.home" value="/Library/Java/JavaVirtualMachines/jdk1.8.0_151.jdk/Contents/Home/jre"/>
    <property name="basedir" value="/Users/Development/Desktop/Pluralsight/Projects/Building Reactive Microservices/Code/translation-service"/>
    <property name="file.separator" value="/"/>
    <property name="line.separator" value="&#10;"/>
    <property name="java.vm.specification.vendor" value="Oracle Corporation"/>
    <property name="java.specification.name" value="Java Platform API Specification"/>
    <property name="java.awt.graphicsenv" value="sun.awt.CGraphicsEnvironment"/>
    <property name="surefire.real.class.path" value="/Users/Development/Desktop/Pluralsight/Projects/Building Reactive Microservices/Code/translation-service/target/surefire/surefirebooter7067652589310054951.jar"/>
    <property name="sun.boot.class.path" value="/Library/Java/JavaVirtualMachines/jdk1.8.0_151.jdk/Contents/Home/jre/lib/resources.jar:/Library/Java/JavaVirtualMachines/jdk1.8.0_151.jdk/Contents/Home/jre/lib/rt.jar:/Library/Java/JavaVirtualMachines/jdk1.8.0_151.jdk/Contents/Home/jre/lib/sunrsasign.jar:/Library/Java/JavaVirtualMachines/jdk1.8.0_151.jdk/Contents/Home/jre/lib/jsse.jar:/Library/Java/JavaVirtualMachines/jdk1.8.0_151.jdk/Contents/Home/jre/lib/jce.jar:/Library/Java/JavaVirtualMachines/jdk1.8.0_151.jdk/Contents/Home/jre/lib/charsets.jar:/Library/Java/JavaVirtualMachines/jdk1.8.0_151.jdk/Contents/Home/jre/lib/jfr.jar:/Library/Java/JavaVirtualMachines/jdk1.8.0_151.jdk/Contents/Home/jre/classes"/>
    <property name="sun.management.compiler" value="HotSpot 64-Bit Tiered Compilers"/>
    <property name="ftp.nonProxyHosts" value="local|*.local|169.254/16|*.169.254/16"/>
    <property name="java.runtime.version" value="1.8.0_151-b12"/>
    <property name="user.name" value="Development"/>
    <property name="path.separator" value=":"/>
    <property name="os.version" value="10.13.6"/>
    <property name="java.endorsed.dirs" value="/Library/Java/JavaVirtualMachines/jdk1.8.0_151.jdk/Contents/Home/jre/lib/endorsed"/>
    <property name="java.runtime.name" value="Java(TM) SE Runtime Environment"/>
    <property name="file.encoding" value="UTF-8"/>
    <property name="java.vm.name" value="Java HotSpot(TM) 64-Bit Server VM"/>
    <property name="localRepository" value="/Users/Development/.m2/repository"/>
    <property name="java.vendor.url.bug" value="http://bugreport.sun.com/bugreport/"/>
    <property name="java.io.tmpdir" value="/var/folders/yy/zbw0s7xj0fj0gz034h__yhp00000gp/T/"/>
    <property name="java.version" value="1.8.0_151"/>
    <property name="user.dir" value="/Users/Development/Desktop/Pluralsight/Projects/Building Reactive Microservices/Code/translation-service"/>
    <property name="os.arch" value="x86_64"/>
    <property name="java.vm.specification.name" value="Java Virtual Machine Specification"/>
    <property name="java.awt.printerjob" value="sun.lwawt.macosx.CPrinterJob"/>
    <property name="sun.os.patch.level" value="unknown"/>
    <property name="java.library.path" value="/Users/Development/Library/Java/Extensions:/Library/Java/Extensions:/Network/Library/Java/Extensions:/System/Library/Java/Extensions:/usr/lib/java:."/>
    <property name="java.vm.info" value="mixed mode"/>
    <property name="java.vendor" value="Oracle Corporation"/>
    <property name="java.vm.version" value="25.151-b12"/>
    <property name="java.ext.dirs" value="/Users/Development/Library/Java/Extensions:/Library/Java/JavaVirtualMachines/jdk1.8.0_151.jdk/Contents/Home/jre/lib/ext:/Library/Java/Extensions:/Network/Library/Java/Extensions:/System/Library/Java/Extensions:/usr/lib/java"/>
    <property name="sun.io.unicode.encoding" value="UnicodeBig"/>
    <property name="java.class.version" value="52.0"/>
    <property name="socksNonProxyHosts" value="local|*.local|169.254/16|*.169.254/16"/>
  </properties>
  <testcase name="shouldAnswerWithTrue" classname="com.pluralsight.reactive.AppTest" time="0.001"/>
</testsuite>